[04-Dec-2023 10:33:48 UTC] PHP Warning:  Attempt to read property "title" on null in /Users/diwang/Local Sites/diwangkoros/app/public/wp-includes/class-wp-customize-widgets.php on line 905
[04-Dec-2023 10:34:34 UTC] PHP Fatal error:  Uncaught ArgumentCountError: Too few arguments to function greet(), 0 passed in /Users/diwang/Local Sites/diwangkoros/app/public/wp-content/themes/diwangkoro-theme/index.php on line 6 and exactly 1 expected in /Users/diwang/Local Sites/diwangkoros/app/public/wp-content/themes/diwangkoro-theme/index.php:2
Stack trace:
#0 /Users/diwang/Local Sites/diwangkoros/app/public/wp-content/themes/diwangkoro-theme/index.php(6): greet()
#1 /Users/diwang/Local Sites/diwangkoros/app/public/wp-includes/template-loader.php(106): include('/Users/diwang/L...')
#2 /Users/diwang/Local Sites/diwangkoros/app/public/wp-blog-header.php(19): require_once('/Users/diwang/L...')
#3 /Users/diwang/Local Sites/diwangkoros/app/public/index.php(17): require('/Users/diwang/L...')
#4 {main}
  thrown in /Users/diwang/Local Sites/diwangkoros/app/public/wp-content/themes/diwangkoro-theme/index.php on line 2
[04-Dec-2023 10:35:14 UTC] PHP Fatal error:  Uncaught ArgumentCountError: Too few arguments to function greet(), 1 passed in /Users/diwang/Local Sites/diwangkoros/app/public/wp-content/themes/diwangkoro-theme/index.php on line 6 and exactly 2 expected in /Users/diwang/Local Sites/diwangkoros/app/public/wp-content/themes/diwangkoro-theme/index.php:2
Stack trace:
#0 /Users/diwang/Local Sites/diwangkoros/app/public/wp-content/themes/diwangkoro-theme/index.php(6): greet('oi')
#1 /Users/diwang/Local Sites/diwangkoros/app/public/wp-includes/template-loader.php(106): include('/Users/diwang/L...')
#2 /Users/diwang/Local Sites/diwangkoros/app/public/wp-blog-header.php(19): require_once('/Users/diwang/L...')
#3 /Users/diwang/Local Sites/diwangkoros/app/public/index.php(17): require('/Users/diwang/L...')
#4 {main}
  thrown in /Users/diwang/Local Sites/diwangkoros/app/public/wp-content/themes/diwangkoro-theme/index.php on line 2
[04-Dec-2023 10:35:19 UTC] PHP Fatal error:  Uncaught ArgumentCountError: Too few arguments to function greet(), 1 passed in /Users/diwang/Local Sites/diwangkoros/app/public/wp-content/themes/diwangkoro-theme/index.php on line 6 and exactly 2 expected in /Users/diwang/Local Sites/diwangkoros/app/public/wp-content/themes/diwangkoro-theme/index.php:2
Stack trace:
#0 /Users/diwang/Local Sites/diwangkoros/app/public/wp-content/themes/diwangkoro-theme/index.php(6): greet('oi')
#1 /Users/diwang/Local Sites/diwangkoros/app/public/wp-includes/template-loader.php(106): include('/Users/diwang/L...')
#2 /Users/diwang/Local Sites/diwangkoros/app/public/wp-blog-header.php(19): require_once('/Users/diwang/L...')
#3 /Users/diwang/Local Sites/diwangkoros/app/public/index.php(17): require('/Users/diwang/L...')
#4 {main}
  thrown in /Users/diwang/Local Sites/diwangkoros/app/public/wp-content/themes/diwangkoro-theme/index.php on line 2
[04-Dec-2023 12:36:08 UTC] PHP Fatal error:  Uncaught Error: Call to undefined function have_post() in /Users/diwang/Local Sites/diwangkoros/app/public/wp-content/themes/diwangkoro-theme/index.php:3
Stack trace:
#0 /Users/diwang/Local Sites/diwangkoros/app/public/wp-includes/template-loader.php(106): include()
#1 /Users/diwang/Local Sites/diwangkoros/app/public/wp-blog-header.php(19): require_once('/Users/diwang/L...')
#2 /Users/diwang/Local Sites/diwangkoros/app/public/index.php(17): require('/Users/diwang/L...')
#3 {main}
  thrown in /Users/diwang/Local Sites/diwangkoros/app/public/wp-content/themes/diwangkoro-theme/index.php on line 3
[04-Dec-2023 12:37:53 UTC] PHP Fatal error:  Uncaught Error: Call to undefined function post_title() in /Users/diwang/Local Sites/diwangkoros/app/public/wp-content/themes/diwangkoro-theme/index.php:5
Stack trace:
#0 /Users/diwang/Local Sites/diwangkoros/app/public/wp-includes/template-loader.php(106): include()
#1 /Users/diwang/Local Sites/diwangkoros/app/public/wp-blog-header.php(19): require_once('/Users/diwang/L...')
#2 /Users/diwang/Local Sites/diwangkoros/app/public/index.php(17): require('/Users/diwang/L...')
#3 {main}
  thrown in /Users/diwang/Local Sites/diwangkoros/app/public/wp-content/themes/diwangkoro-theme/index.php on line 5
[05-Dec-2023 02:30:09 UTC] PHP Fatal error:  Uncaught Error: Call to undefined function wp_header() in /Users/diwang/Local Sites/diwangkoros/app/public/wp-content/themes/diwangkoro-theme/header.php:5
Stack trace:
#0 /Users/diwang/Local Sites/diwangkoros/app/public/wp-includes/template.php(790): require_once()
#1 /Users/diwang/Local Sites/diwangkoros/app/public/wp-includes/template.php(725): load_template('/Users/diwang/L...', true, Array)
#2 /Users/diwang/Local Sites/diwangkoros/app/public/wp-includes/general-template.php(48): locate_template(Array, true, true, Array)
#3 /Users/diwang/Local Sites/diwangkoros/app/public/wp-content/themes/diwangkoro-theme/index.php(1): get_header()
#4 /Users/diwang/Local Sites/diwangkoros/app/public/wp-includes/template-loader.php(106): include('/Users/diwang/L...')
#5 /Users/diwang/Local Sites/diwangkoros/app/public/wp-blog-header.php(19): require_once('/Users/diwang/L...')
#6 /Users/diwang/Local Sites/diwangkoros/app/public/index.php(17): require('/Users/diwang/L...')
#7 {main}
  thrown in /Users/diwang/Local Sites/diwangkoros/app/public/wp-content/themes/diwangkoro-theme/header.php on line 5
[05-Dec-2023 02:34:55 UTC] PHP Fatal error:  Uncaught TypeError: call_user_func_array(): Argument #1 ($callback) must be a valid callback, function "diwangkoros_filesa" not found or invalid function name in /Users/diwang/Local Sites/diwangkoros/app/public/wp-includes/class-wp-hook.php:324
Stack trace:
#0 /Users/diwang/Local Sites/diwangkoros/app/public/wp-includes/class-wp-hook.php(348): WP_Hook->apply_filters(NULL, Array)
#1 /Users/diwang/Local Sites/diwangkoros/app/public/wp-includes/plugin.php(517): WP_Hook->do_action(Array)
#2 /Users/diwang/Local Sites/diwangkoros/app/public/wp-includes/script-loader.php(2262): do_action('wp_enqueue_scri...')
#3 /Users/diwang/Local Sites/diwangkoros/app/public/wp-includes/class-wp-hook.php(324): wp_enqueue_scripts('')
#4 /Users/diwang/Local Sites/diwangkoros/app/public/wp-includes/class-wp-hook.php(348): WP_Hook->apply_filters(NULL, Array)
#5 /Users/diwang/Local Sites/diwangkoros/app/public/wp-includes/plugin.php(517): WP_Hook->do_action(Array)
#6 /Users/diwang/Local Sites/diwangkoros/app/public/wp-includes/general-template.php(3052): do_action('wp_head')
#7 /Users/diwang/Local Sites/diwangkoros/app/public/wp-content/themes/diwangkoro-theme/header.php(5): wp_head()
#8 /Users/diwang/Local Sites/diwangkoros/app/public/wp-includes/template.php(790): require_once('/Users/diwang/L...')
#9 /Users/diwang/Local Sites/diwangkoros/app/public/wp-includes/template.php(725): load_template('/Users/diwang/L...', true, Array)
#10 /Users/diwang/Local Sites/diwangkoros/app/public/wp-includes/general-template.php(48): locate_template(Array, true, true, Array)
#11 /Users/diwang/Local Sites/diwangkoros/app/public/wp-content/themes/diwangkoro-theme/index.php(1): get_header()
#12 /Users/diwang/Local Sites/diwangkoros/app/public/wp-includes/template-loader.php(106): include('/Users/diwang/L...')
#13 /Users/diwang/Local Sites/diwangkoros/app/public/wp-blog-header.php(19): require_once('/Users/diwang/L...')
#14 /Users/diwang/Local Sites/diwangkoros/app/public/index.php(17): require('/Users/diwang/L...')
#15 {main}
  thrown in /Users/diwang/Local Sites/diwangkoros/app/public/wp-includes/class-wp-hook.php on line 324
[05-Dec-2023 02:40:29 UTC] PHP Fatal error:  Uncaught Error: Call to undefined function wp_foot() in /Users/diwang/Local Sites/diwangkoros/app/public/wp-content/themes/diwangkoro-theme/footer.php:3
Stack trace:
#0 /Users/diwang/Local Sites/diwangkoros/app/public/wp-includes/template.php(790): require_once()
#1 /Users/diwang/Local Sites/diwangkoros/app/public/wp-includes/template.php(725): load_template('/Users/diwang/L...', true, Array)
#2 /Users/diwang/Local Sites/diwangkoros/app/public/wp-includes/general-template.php(92): locate_template(Array, true, true, Array)
#3 /Users/diwang/Local Sites/diwangkoros/app/public/wp-content/themes/diwangkoro-theme/index.php(11): get_footer()
#4 /Users/diwang/Local Sites/diwangkoros/app/public/wp-includes/template-loader.php(106): include('/Users/diwang/L...')
#5 /Users/diwang/Local Sites/diwangkoros/app/public/wp-blog-header.php(19): require_once('/Users/diwang/L...')
#6 /Users/diwang/Local Sites/diwangkoros/app/public/index.php(17): require('/Users/diwang/L...')
#7 {main}
  thrown in /Users/diwang/Local Sites/diwangkoros/app/public/wp-content/themes/diwangkoro-theme/footer.php on line 3
[05-Dec-2023 02:40:30 UTC] PHP Fatal error:  Uncaught Error: Call to undefined function wp_foot() in /Users/diwang/Local Sites/diwangkoros/app/public/wp-content/themes/diwangkoro-theme/footer.php:3
Stack trace:
#0 /Users/diwang/Local Sites/diwangkoros/app/public/wp-includes/template.php(790): require_once()
#1 /Users/diwang/Local Sites/diwangkoros/app/public/wp-includes/template.php(725): load_template('/Users/diwang/L...', true, Array)
#2 /Users/diwang/Local Sites/diwangkoros/app/public/wp-includes/general-template.php(92): locate_template(Array, true, true, Array)
#3 /Users/diwang/Local Sites/diwangkoros/app/public/wp-content/themes/diwangkoro-theme/index.php(11): get_footer()
#4 /Users/diwang/Local Sites/diwangkoros/app/public/wp-includes/template-loader.php(106): include('/Users/diwang/L...')
#5 /Users/diwang/Local Sites/diwangkoros/app/public/wp-blog-header.php(19): require_once('/Users/diwang/L...')
#6 /Users/diwang/Local Sites/diwangkoros/app/public/index.php(17): require('/Users/diwang/L...')
#7 {main}
  thrown in /Users/diwang/Local Sites/diwangkoros/app/public/wp-content/themes/diwangkoro-theme/footer.php on line 3
[05-Dec-2023 02:40:30 UTC] PHP Fatal error:  Uncaught Error: Call to undefined function wp_foot() in /Users/diwang/Local Sites/diwangkoros/app/public/wp-content/themes/diwangkoro-theme/footer.php:3
Stack trace:
#0 /Users/diwang/Local Sites/diwangkoros/app/public/wp-includes/template.php(790): require_once()
#1 /Users/diwang/Local Sites/diwangkoros/app/public/wp-includes/template.php(725): load_template('/Users/diwang/L...', true, Array)
#2 /Users/diwang/Local Sites/diwangkoros/app/public/wp-includes/general-template.php(92): locate_template(Array, true, true, Array)
#3 /Users/diwang/Local Sites/diwangkoros/app/public/wp-content/themes/diwangkoro-theme/index.php(11): get_footer()
#4 /Users/diwang/Local Sites/diwangkoros/app/public/wp-includes/template-loader.php(106): include('/Users/diwang/L...')
#5 /Users/diwang/Local Sites/diwangkoros/app/public/wp-blog-header.php(19): require_once('/Users/diwang/L...')
#6 /Users/diwang/Local Sites/diwangkoros/app/public/index.php(17): require('/Users/diwang/L...')
#7 {main}
  thrown in /Users/diwang/Local Sites/diwangkoros/app/public/wp-content/themes/diwangkoro-theme/footer.php on line 3
[05-Dec-2023 04:39:47 UTC] PHP Parse error:  syntax error, unexpected double-quoted string "?>></div>", expecting "," or ";" in /Users/diwang/Local Sites/diwangkoros/app/public/wp-content/themes/diwangkoro-theme/index.php on line 5
[05-Dec-2023 04:39:48 UTC] PHP Parse error:  syntax error, unexpected double-quoted string "?>></div>", expecting "," or ";" in /Users/diwang/Local Sites/diwangkoros/app/public/wp-content/themes/diwangkoro-theme/index.php on line 5
[06-Dec-2023 07:00:54 UTC] PHP Warning:  Array to string conversion in /Users/diwang/Local Sites/diwangkoros/app/public/wp-content/themes/diwangkoro-theme/page.php on line 41
[06-Dec-2023 07:01:06 UTC] PHP Warning:  Undefined array key 0 in /Users/diwang/Local Sites/diwangkoros/app/public/wp-content/themes/diwangkoro-theme/page.php on line 41
[06-Dec-2023 07:06:49 UTC] PHP Warning:  Undefined array key -1 in /Users/diwang/Local Sites/diwangkoros/app/public/wp-includes/post-template.php on line 330
[06-Dec-2023 07:06:58 UTC] PHP Warning:  Undefined array key -1 in /Users/diwang/Local Sites/diwangkoros/app/public/wp-includes/post-template.php on line 330
[06-Dec-2023 07:07:00 UTC] PHP Fatal error:  Uncaught TypeError: preg_match(): Argument #2 ($subject) must be of type string, WP_Post given in /Users/diwang/Local Sites/diwangkoros/app/public/wp-includes/post-template.php:331
Stack trace:
#0 /Users/diwang/Local Sites/diwangkoros/app/public/wp-includes/post-template.php(331): preg_match('/<!--more(.*?)?...', Object(WP_Post), NULL)
#1 /Users/diwang/Local Sites/diwangkoros/app/public/wp-includes/post-template.php(247): get_the_content('<span aria-labe...', false)
#2 /Users/diwang/Local Sites/diwangkoros/app/public/wp-content/themes/diwangkoro-theme/page.php(71): the_content()
#3 /Users/diwang/Local Sites/diwangkoros/app/public/wp-includes/template-loader.php(106): include('/Users/diwang/L...')
#4 /Users/diwang/Local Sites/diwangkoros/app/public/wp-blog-header.php(19): require_once('/Users/diwang/L...')
#5 /Users/diwang/Local Sites/diwangkoros/app/public/index.php(17): require('/Users/diwang/L...')
#6 {main}
  thrown in /Users/diwang/Local Sites/diwangkoros/app/public/wp-includes/post-template.php on line 331
[06-Dec-2023 07:07:07 UTC] PHP Fatal error:  Uncaught TypeError: preg_match(): Argument #2 ($subject) must be of type string, WP_Post given in /Users/diwang/Local Sites/diwangkoros/app/public/wp-includes/post-template.php:331
Stack trace:
#0 /Users/diwang/Local Sites/diwangkoros/app/public/wp-includes/post-template.php(331): preg_match('/<!--more(.*?)?...', Object(WP_Post), NULL)
#1 /Users/diwang/Local Sites/diwangkoros/app/public/wp-includes/post-template.php(247): get_the_content('<span aria-labe...', false)
#2 /Users/diwang/Local Sites/diwangkoros/app/public/wp-content/themes/diwangkoro-theme/page.php(71): the_content()
#3 /Users/diwang/Local Sites/diwangkoros/app/public/wp-includes/template-loader.php(106): include('/Users/diwang/L...')
#4 /Users/diwang/Local Sites/diwangkoros/app/public/wp-blog-header.php(19): require_once('/Users/diwang/L...')
#5 /Users/diwang/Local Sites/diwangkoros/app/public/index.php(17): require('/Users/diwang/L...')
#6 {main}
  thrown in /Users/diwang/Local Sites/diwangkoros/app/public/wp-includes/post-template.php on line 331
[06-Dec-2023 07:07:15 UTC] PHP Fatal error:  Uncaught TypeError: preg_match(): Argument #2 ($subject) must be of type string, WP_Post given in /Users/diwang/Local Sites/diwangkoros/app/public/wp-includes/post-template.php:331
Stack trace:
#0 /Users/diwang/Local Sites/diwangkoros/app/public/wp-includes/post-template.php(331): preg_match('/<!--more(.*?)?...', Object(WP_Post), NULL)
#1 /Users/diwang/Local Sites/diwangkoros/app/public/wp-includes/post-template.php(247): get_the_content('<span aria-labe...', false)
#2 /Users/diwang/Local Sites/diwangkoros/app/public/wp-content/themes/diwangkoro-theme/page.php(71): the_content()
#3 /Users/diwang/Local Sites/diwangkoros/app/public/wp-includes/template-loader.php(106): include('/Users/diwang/L...')
#4 /Users/diwang/Local Sites/diwangkoros/app/public/wp-blog-header.php(19): require_once('/Users/diwang/L...')
#5 /Users/diwang/Local Sites/diwangkoros/app/public/index.php(17): require('/Users/diwang/L...')
#6 {main}
  thrown in /Users/diwang/Local Sites/diwangkoros/app/public/wp-includes/post-template.php on line 331
[06-Dec-2023 07:07:57 UTC] PHP Fatal error:  Uncaught TypeError: preg_match(): Argument #2 ($subject) must be of type string, WP_Post given in /Users/diwang/Local Sites/diwangkoros/app/public/wp-includes/post-template.php:331
Stack trace:
#0 /Users/diwang/Local Sites/diwangkoros/app/public/wp-includes/post-template.php(331): preg_match('/<!--more(.*?)?...', Object(WP_Post), NULL)
#1 /Users/diwang/Local Sites/diwangkoros/app/public/wp-includes/post-template.php(247): get_the_content('<span aria-labe...', false)
#2 /Users/diwang/Local Sites/diwangkoros/app/public/wp-content/themes/diwangkoro-theme/page.php(71): the_content()
#3 /Users/diwang/Local Sites/diwangkoros/app/public/wp-includes/template-loader.php(106): include('/Users/diwang/L...')
#4 /Users/diwang/Local Sites/diwangkoros/app/public/wp-blog-header.php(19): require_once('/Users/diwang/L...')
#5 /Users/diwang/Local Sites/diwangkoros/app/public/index.php(17): require('/Users/diwang/L...')
#6 {main}
  thrown in /Users/diwang/Local Sites/diwangkoros/app/public/wp-includes/post-template.php on line 331
[06-Dec-2023 07:08:05 UTC] PHP Fatal error:  Uncaught TypeError: preg_match(): Argument #2 ($subject) must be of type string, WP_Post given in /Users/diwang/Local Sites/diwangkoros/app/public/wp-includes/post-template.php:331
Stack trace:
#0 /Users/diwang/Local Sites/diwangkoros/app/public/wp-includes/post-template.php(331): preg_match('/<!--more(.*?)?...', Object(WP_Post), NULL)
#1 /Users/diwang/Local Sites/diwangkoros/app/public/wp-includes/post-template.php(247): get_the_content('<span aria-labe...', false)
#2 /Users/diwang/Local Sites/diwangkoros/app/public/wp-content/themes/diwangkoro-theme/page.php(71): the_content()
#3 /Users/diwang/Local Sites/diwangkoros/app/public/wp-includes/template-loader.php(106): include('/Users/diwang/L...')
#4 /Users/diwang/Local Sites/diwangkoros/app/public/wp-blog-header.php(19): require_once('/Users/diwang/L...')
#5 /Users/diwang/Local Sites/diwangkoros/app/public/index.php(17): require('/Users/diwang/L...')
#6 {main}
  thrown in /Users/diwang/Local Sites/diwangkoros/app/public/wp-includes/post-template.php on line 331
[06-Dec-2023 07:08:06 UTC] PHP Fatal error:  Uncaught TypeError: preg_match(): Argument #2 ($subject) must be of type string, WP_Post given in /Users/diwang/Local Sites/diwangkoros/app/public/wp-includes/post-template.php:331
Stack trace:
#0 /Users/diwang/Local Sites/diwangkoros/app/public/wp-includes/post-template.php(331): preg_match('/<!--more(.*?)?...', Object(WP_Post), NULL)
#1 /Users/diwang/Local Sites/diwangkoros/app/public/wp-includes/post-template.php(247): get_the_content('<span aria-labe...', false)
#2 /Users/diwang/Local Sites/diwangkoros/app/public/wp-content/themes/diwangkoro-theme/page.php(71): the_content()
#3 /Users/diwang/Local Sites/diwangkoros/app/public/wp-includes/template-loader.php(106): include('/Users/diwang/L...')
#4 /Users/diwang/Local Sites/diwangkoros/app/public/wp-blog-header.php(19): require_once('/Users/diwang/L...')
#5 /Users/diwang/Local Sites/diwangkoros/app/public/index.php(17): require('/Users/diwang/L...')
#6 {main}
  thrown in /Users/diwang/Local Sites/diwangkoros/app/public/wp-includes/post-template.php on line 331
[06-Dec-2023 07:08:14 UTC] PHP Fatal error:  Uncaught TypeError: preg_match(): Argument #2 ($subject) must be of type string, WP_Post given in /Users/diwang/Local Sites/diwangkoros/app/public/wp-includes/post-template.php:331
Stack trace:
#0 /Users/diwang/Local Sites/diwangkoros/app/public/wp-includes/post-template.php(331): preg_match('/<!--more(.*?)?...', Object(WP_Post), NULL)
#1 /Users/diwang/Local Sites/diwangkoros/app/public/wp-includes/post-template.php(247): get_the_content('<span aria-labe...', false)
#2 /Users/diwang/Local Sites/diwangkoros/app/public/wp-content/themes/diwangkoro-theme/page.php(71): the_content()
#3 /Users/diwang/Local Sites/diwangkoros/app/public/wp-includes/template-loader.php(106): include('/Users/diwang/L...')
#4 /Users/diwang/Local Sites/diwangkoros/app/public/wp-blog-header.php(19): require_once('/Users/diwang/L...')
#5 /Users/diwang/Local Sites/diwangkoros/app/public/index.php(17): require('/Users/diwang/L...')
#6 {main}
  thrown in /Users/diwang/Local Sites/diwangkoros/app/public/wp-includes/post-template.php on line 331
[06-Dec-2023 07:08:42 UTC] PHP Warning:  Undefined array key -1 in /Users/diwang/Local Sites/diwangkoros/app/public/wp-includes/post-template.php on line 330
[06-Dec-2023 07:12:11 UTC] PHP Fatal error:  Uncaught TypeError: preg_match(): Argument #2 ($subject) must be of type string, WP_Post given in /Users/diwang/Local Sites/diwangkoros/app/public/wp-includes/post-template.php:331
Stack trace:
#0 /Users/diwang/Local Sites/diwangkoros/app/public/wp-includes/post-template.php(331): preg_match('/<!--more(.*?)?...', Object(WP_Post), NULL)
#1 /Users/diwang/Local Sites/diwangkoros/app/public/wp-includes/post-template.php(247): get_the_content('<span aria-labe...', false)
#2 /Users/diwang/Local Sites/diwangkoros/app/public/wp-content/themes/diwangkoro-theme/page.php(71): the_content()
#3 /Users/diwang/Local Sites/diwangkoros/app/public/wp-includes/template-loader.php(106): include('/Users/diwang/L...')
#4 /Users/diwang/Local Sites/diwangkoros/app/public/wp-blog-header.php(19): require_once('/Users/diwang/L...')
#5 /Users/diwang/Local Sites/diwangkoros/app/public/index.php(17): require('/Users/diwang/L...')
#6 {main}
  thrown in /Users/diwang/Local Sites/diwangkoros/app/public/wp-includes/post-template.php on line 331
[06-Dec-2023 07:17:36 UTC] PHP Warning:  Undefined variable $findChildrenOf in /Users/diwang/Local Sites/diwangkoros/app/public/wp-content/themes/diwangkoro-theme/page.php on line 56
[06-Dec-2023 09:30:45 UTC] PHP Warning:  Array to string conversion in /Users/diwang/Local Sites/diwangkoros/app/public/wp-content/themes/diwangkoro-theme/index.php on line 19
[06-Dec-2023 09:30:45 UTC] PHP Warning:  Array to string conversion in /Users/diwang/Local Sites/diwangkoros/app/public/wp-content/themes/diwangkoro-theme/index.php on line 19
[06-Dec-2023 09:30:45 UTC] PHP Warning:  Array to string conversion in /Users/diwang/Local Sites/diwangkoros/app/public/wp-content/themes/diwangkoro-theme/index.php on line 19
[06-Dec-2023 09:30:51 UTC] PHP Warning:  Array to string conversion in /Users/diwang/Local Sites/diwangkoros/app/public/wp-content/themes/diwangkoro-theme/index.php on line 19
[06-Dec-2023 09:30:51 UTC] PHP Warning:  Array to string conversion in /Users/diwang/Local Sites/diwangkoros/app/public/wp-content/themes/diwangkoro-theme/index.php on line 19
[06-Dec-2023 09:30:51 UTC] PHP Warning:  Array to string conversion in /Users/diwang/Local Sites/diwangkoros/app/public/wp-content/themes/diwangkoro-theme/index.php on line 19
[06-Dec-2023 09:30:52 UTC] PHP Warning:  Array to string conversion in /Users/diwang/Local Sites/diwangkoros/app/public/wp-content/themes/diwangkoro-theme/index.php on line 19
[06-Dec-2023 09:30:52 UTC] PHP Warning:  Array to string conversion in /Users/diwang/Local Sites/diwangkoros/app/public/wp-content/themes/diwangkoro-theme/index.php on line 19
[06-Dec-2023 09:30:52 UTC] PHP Warning:  Array to string conversion in /Users/diwang/Local Sites/diwangkoros/app/public/wp-content/themes/diwangkoro-theme/index.php on line 19
[06-Dec-2023 09:31:27 UTC] PHP Warning:  Array to string conversion in /Users/diwang/Local Sites/diwangkoros/app/public/wp-content/themes/diwangkoro-theme/index.php on line 19
[06-Dec-2023 09:31:27 UTC] PHP Warning:  Array to string conversion in /Users/diwang/Local Sites/diwangkoros/app/public/wp-content/themes/diwangkoro-theme/index.php on line 19
[06-Dec-2023 09:31:27 UTC] PHP Warning:  Array to string conversion in /Users/diwang/Local Sites/diwangkoros/app/public/wp-content/themes/diwangkoro-theme/index.php on line 19
[07-Dec-2023 03:26:47 UTC] PHP Warning:  Attempt to read property "title" on null in /Users/diwang/Local Sites/diwangkoros/app/public/wp-includes/class-wp-customize-widgets.php on line 905
[07-Dec-2023 03:27:50 UTC] PHP Warning:  Attempt to read property "title" on null in /Users/diwang/Local Sites/diwangkoros/app/public/wp-includes/class-wp-customize-widgets.php on line 905
[07-Dec-2023 04:17:43 UTC] PHP Fatal error:  Uncaught Error: Call to undefined function WP_Query() in /Users/diwang/Local Sites/diwangkoros/app/public/wp-content/themes/diwangkoro-theme/front-page.php:46
Stack trace:
#0 /Users/diwang/Local Sites/diwangkoros/app/public/wp-includes/template-loader.php(106): include()
#1 /Users/diwang/Local Sites/diwangkoros/app/public/wp-blog-header.php(19): require_once('/Users/diwang/L...')
#2 /Users/diwang/Local Sites/diwangkoros/app/public/index.php(17): require('/Users/diwang/L...')
#3 {main}
  thrown in /Users/diwang/Local Sites/diwangkoros/app/public/wp-content/themes/diwangkoro-theme/front-page.php on line 46
[07-Dec-2023 14:23:29 UTC] PHP Warning:  An unexpected error occurred. Something may be wrong with WordPress.org or this server&#8217;s configuration. If you continue to have problems, please try the <a href="https://wordpress.org/support/forums/">support forums</a>. (WordPress could not establish a secure connection to WordPress.org. Please contact your server administrator.) in /Users/diwang/Local Sites/diwangkoros/app/public/wp-includes/update.php on line 211
[07-Dec-2023 14:23:46 UTC] PHP Warning:  An unexpected error occurred. Something may be wrong with WordPress.org or this server&#8217;s configuration. If you continue to have problems, please try the <a href="https://wordpress.org/support/forums/">support forums</a>. (WordPress could not establish a secure connection to WordPress.org. Please contact your server administrator.) in /Users/diwang/Local Sites/diwangkoros/app/public/wp-includes/update.php on line 449
[07-Dec-2023 14:24:06 UTC] PHP Warning:  An unexpected error occurred. Something may be wrong with WordPress.org or this server&#8217;s configuration. If you continue to have problems, please try the <a href="https://wordpress.org/support/forums/">support forums</a>. (WordPress could not establish a secure connection to WordPress.org. Please contact your server administrator.) in /Users/diwang/Local Sites/diwangkoros/app/public/wp-includes/update.php on line 730
